This is pdfTeX, Version 3.1415926-1.40.10 (TeX Live 2009/Debian) (format=latex 2013.5.23)  30 APR 2014 10:44
entering extended mode
 %&-line parsing enabled.
**ejercicio.py
(./ejercicio.py
LaTeX2e <2009/09/24>
Babel <v3.8l> and hyphenation patterns for english, usenglishmax, dumylang, noh
yphenation, loaded.

! LaTeX Error: Missing \begin{document}.

See the LaTeX manual or LaTeX Companion for explanation.
Type  H <return>  for immediate help.
 ...                                              
                                                  
l.1 i
     mport sys
? x
 
Here is how much of TeX's memory you used:
 7 strings out of 495062
 275 string characters out of 1182644
 45108 words of memory out of 3000000
 3282 multiletter control sequences out of 15000+50000
 3640 words of font info for 14 fonts, out of 3000000 for 9000
 28 hyphenation exceptions out of 8191
 5i,0n,4p,27b,14s stack positions out of 5000i,500n,10000p,200000b,50000s
No pages of output.
